c:\users\desta\downloads\kbotext-maın\kbotext-maın\krallol\x64\debug\vc143.pdb
c:\users\desta\downloads\kbotext-maın\kbotext-maın\krallol\x64\debug\vc143.ıdb
c:\users\desta\downloads\kbotext-maın\kbotext-maın\krallol\x64\debug\utıls.obj
c:\users\desta\downloads\kbotext-maın\kbotext-maın\krallol\x64\debug\krallol.obj
c:\users\desta\downloads\kbotext-maın\kbotext-maın\krallol\x64\debug\json_wrıter.obj
c:\users\desta\downloads\kbotext-maın\kbotext-maın\krallol\x64\debug\json_value.obj
c:\users\desta\downloads\kbotext-maın\kbotext-maın\krallol\x64\debug\json_reader.obj
c:\users\desta\downloads\kbotext-maın\kbotext-maın\krallol\x64\debug\ımguı_wıdgets.obj
c:\users\desta\downloads\kbotext-maın\kbotext-maın\krallol\x64\debug\ımguı_ımpl_wın32.obj
c:\users\desta\downloads\kbotext-maın\kbotext-maın\krallol\x64\debug\ımguı_ımpl_dx11.obj
c:\users\desta\downloads\kbotext-maın\kbotext-maın\krallol\x64\debug\ımguı_draw.obj
c:\users\desta\downloads\kbotext-maın\kbotext-maın\krallol\x64\debug\ımguı_demo.obj
c:\users\desta\downloads\kbotext-maın\kbotext-maın\krallol\x64\debug\ımguı.obj
c:\users\desta\downloads\kbotext-maın\kbotext-maın\krallol\x64\debug\dırectx.obj
c:\users\desta\downloads\kbotext-maın\kbotext-maın\krallol\x64\debug\auth.obj
c:\users\desta\downloads\kbotext-maın\kbotext-maın\x64\debug\krallol.exe
c:\users\desta\downloads\kbotext-maın\kbotext-maın\krallol\x64\debug\krallol.ılk
c:\users\desta\downloads\kbotext-maın\kbotext-maın\x64\debug\krallol.pdb
c:\users\desta\downloads\kbotext-main\kbotext-main\krallol\x64\debug\auth.obj
c:\users\desta\downloads\kbotext-main\kbotext-main\krallol\x64\debug\directx.obj
c:\users\desta\downloads\kbotext-main\kbotext-main\krallol\x64\debug\imgui.obj
c:\users\desta\downloads\kbotext-main\kbotext-main\krallol\x64\debug\imgui_demo.obj
c:\users\desta\downloads\kbotext-main\kbotext-main\krallol\x64\debug\imgui_draw.obj
c:\users\desta\downloads\kbotext-main\kbotext-main\krallol\x64\debug\imgui_impl_dx11.obj
c:\users\desta\downloads\kbotext-main\kbotext-main\krallol\x64\debug\imgui_impl_win32.obj
c:\users\desta\downloads\kbotext-main\kbotext-main\krallol\x64\debug\imgui_widgets.obj
c:\users\desta\downloads\kbotext-main\kbotext-main\krallol\x64\debug\json_reader.obj
c:\users\desta\downloads\kbotext-main\kbotext-main\krallol\x64\debug\json_value.obj
c:\users\desta\downloads\kbotext-main\kbotext-main\krallol\x64\debug\json_writer.obj
c:\users\desta\downloads\kbotext-main\kbotext-main\krallol\x64\debug\kbotext.obj
c:\users\desta\downloads\kbotext-main\kbotext-main\krallol\x64\debug\krallol.obj
c:\users\desta\downloads\kbotext-main\kbotext-main\krallol\x64\debug\utils.obj
c:\users\desta\downloads\kbotext-main\kbotext-main\krallol\x64\debug\kbotext.ilk
c:\users\desta\downloads\kbotext-main\kbotext-main\krallol\x64\debug\krall.ilk
c:\users\desta\downloads\kbotext-main\kbotext-main\krallol\x64\debug\krallol.ilk
c:\users\desta\downloads\kbotext-main\kbotext-main\krallol\x64\debug\vc143.idb
c:\users\desta\downloads\kbotext-main\kbotext-main\krallol\x64\debug\vc143.pdb
c:\users\desta\downloads\kbotext-main\kbotext-main\x64\debug\krallol.pdb
c:\users\desta\downloads\kbotext-main\kbotext-main\x64\debug\krallol.exe
c:\users\desta\downloads\kbotext-main\kbotext-main\krallol\x64\debug\krallol.tlog\cl.command.1.tlog
c:\users\desta\downloads\kbotext-main\kbotext-main\krallol\x64\debug\krallol.tlog\cl.read.1.tlog
c:\users\desta\downloads\kbotext-main\kbotext-main\krallol\x64\debug\krallol.tlog\cl.write.1.tlog
c:\users\desta\downloads\kbotext-main\kbotext-main\krallol\x64\debug\krallol.tlog\link.command.1.tlog
c:\users\desta\downloads\kbotext-main\kbotext-main\krallol\x64\debug\krallol.tlog\link.read.1.tlog
c:\users\desta\downloads\kbotext-main\kbotext-main\krallol\x64\debug\krallol.tlog\link.write.1.tlog
