  Auth.cpp
D:\Lol Hileler\KralLoL-1.8.0\KralLoL\Auth.cpp(26,49): warning C4267: 'bağımsız değişken': 'size_t' - 'unsigned int' dönüşümü; veri kaybı olabilir
D:\Lol Hileler\KralLoL-1.8.0\KralLoL\Auth.cpp(78,51): warning C4267: 'bağımsız değişken': 'size_t' - 'unsigned int' dönüşümü; veri kaybı olabilir
  DirectX.cpp
D:\Lol Hileler\KralLoL-1.8.0\KralLoL\HTTP.h(126,1): warning C4267: 'bağımsız değişken': 'size_t' - 'DWORD' dönüşümü; veri kaybı olabilir
D:\Lol Hileler\KralLoL-1.8.0\KralLoL\HTTP.h(130,1): warning C4267: 'bağımsız değişken': 'size_t' - 'DWORD' dönüşümü; veri kaybı olabilir
D:\Lol Hileler\KralLoL-1.8.0\KralLoL\MiscTab.h(21,1): warning C4267: 'başlatılıyor': 'size_t' - 'int' dönüşümü; veri kaybı olabilir
D:\Lol Hileler\KralLoL-1.8.0\KralLoL\MiscTab.h(22,1): warning C4267: 'başlatılıyor': 'size_t' - 'int' dönüşümü; veri kaybı olabilir
  imgui.cpp
  imgui_demo.cpp
  imgui_draw.cpp
  imgui_impl_dx11.cpp
  imgui_impl_win32.cpp
  imgui_widgets.cpp
  json_reader.cpp
  json_value.cpp
  json_writer.cpp
  KralLoL.cpp
  Utils.cpp
D:\Lol Hileler\KralLoL-1.8.0\KralLoL\Utils.cpp(186,55): warning C4267: 'bağımsız değişken': 'size_t' - 'int' dönüşümü; veri kaybı olabilir
  Kod Üretiliyor...
  KralLoL.vcxproj -> D:\Lol Hileler\KralLoL-1.8.0\x64\Debug\KralLoL.exe
